0 info it worked if it ends with ok
1 verbose cli [ 'C:\\Program Files\\nodejs\\node.exe',
1 verbose cli   'C:\\Program Files\\nodejs\\node_modules\\npm\\bin\\npm-cli.js',
1 verbose cli   'start' ]
2 info using npm@3.10.10
3 info using node@v6.11.0
4 verbose run-script [ 'prestart', 'start', 'poststart' ]
5 info lifecycle fm2-dienstnutzer@0.0.2~prestart: fm2-dienstnutzer@0.0.2
6 silly lifecycle fm2-dienstnutzer@0.0.2~prestart: no script for prestart, continuing
7 info lifecycle fm2-dienstnutzer@0.0.2~start: fm2-dienstnutzer@0.0.2
8 verbose lifecycle fm2-dienstnutzer@0.0.2~start: unsafe-perm in lifecycle true
9 verbose lifecycle fm2-dienstnutzer@0.0.2~start: PATH: C:\Program Files\nodejs\node_modules\npm\bin\node-gyp-bin;C:\Users\Christian\WBA2SS17ThuerlingKrennLoehner\FM2_Dienstnutzer\node_modules\.bin;C:\Windows\system32;C:\Windows;C:\Windows\System32\Wbem;C:\Windows\System32\WindowsPowerShell\v1.0\;C:\Program Files (x86)\ATI Technologies\ATI.ACE\Core-Static;C:\Program Files (x86)\Skype\Phone\;C:\Program Files\nodejs\;C:\Program Files\Git\cmd;C:\Users\Christian\AppData\Local\atom\bin;C:\Users\Christian\AppData\Roaming\npm;C:\Program Files\Heroku\bin
10 verbose lifecycle fm2-dienstnutzer@0.0.2~start: CWD: C:\Users\Christian\WBA2SS17ThuerlingKrennLoehner\FM2_Dienstnutzer
11 silly lifecycle fm2-dienstnutzer@0.0.2~start: Args: [ '/d /s /c', 'title Dienstnehmer && node ./bin/www' ]
12 silly lifecycle fm2-dienstnutzer@0.0.2~start: Returned: code: 1  signal: null
13 info lifecycle fm2-dienstnutzer@0.0.2~start: Failed to exec start script
14 verbose stack Error: fm2-dienstnutzer@0.0.2 start: `title Dienstnehmer && node ./bin/www`
14 verbose stack Exit status 1
14 verbose stack     at EventEmitter.<anonymous> (C:\Program Files\nodejs\node_modules\npm\lib\utils\lifecycle.js:255:16)
14 verbose stack     at emitTwo (events.js:106:13)
14 verbose stack     at EventEmitter.emit (events.js:191:7)
14 verbose stack     at ChildProcess.<anonymous> (C:\Program Files\nodejs\node_modules\npm\lib\utils\spawn.js:40:14)
14 verbose stack     at emitTwo (events.js:106:13)
14 verbose stack     at ChildProcess.emit (events.js:191:7)
14 verbose stack     at maybeClose (internal/child_process.js:891:16)
14 verbose stack     at Process.ChildProcess._handle.onexit (internal/child_process.js:226:5)
15 verbose pkgid fm2-dienstnutzer@0.0.2
16 verbose cwd C:\Users\Christian\WBA2SS17ThuerlingKrennLoehner\FM2_Dienstnutzer
17 error Windows_NT 6.3.9600
18 error argv "C:\\Program Files\\nodejs\\node.exe" "C:\\Program Files\\nodejs\\node_modules\\npm\\bin\\npm-cli.js" "start"
19 error node v6.11.0
20 error npm  v3.10.10
21 error code ELIFECYCLE
22 error fm2-dienstnutzer@0.0.2 start: `title Dienstnehmer && node ./bin/www`
22 error Exit status 1
23 error Failed at the fm2-dienstnutzer@0.0.2 start script 'title Dienstnehmer && node ./bin/www'.
23 error Make sure you have the latest version of node.js and npm installed.
23 error If you do, this is most likely a problem with the fm2-dienstnutzer package,
23 error not with npm itself.
23 error Tell the author that this fails on your system:
23 error     title Dienstnehmer && node ./bin/www
23 error You can get information on how to open an issue for this project with:
23 error     npm bugs fm2-dienstnutzer
23 error Or if that isn't available, you can get their info via:
23 error     npm owner ls fm2-dienstnutzer
23 error There is likely additional logging output above.
24 verbose exit [ 1, true ]
